2025-08-23 15:08:53.059 WARNING streamlit.runtime.scriptrunner_utils.script_run_context: Thread 'MainThread': missing ScriptRunContext! This warning can be ignored when running in bare mode.
2025-08-23 15:08:53.140
  [33m[1mWarning:[0m to view this Streamlit app on a browser, run it with the following
  command:

    streamlit run frontend/streamlit_app.py [ARGUMENTS]
2025-08-23 15:08:53.141 Thread 'MainThread': missing ScriptRunContext! This warning can be ignored when running in bare mode.
2025-08-23 15:08:53.141 Thread 'MainThread': missing ScriptRunContext! This warning can be ignored when running in bare mode.
2025-08-23 15:08:53.141 Thread 'MainThread': missing ScriptRunContext! This warning can be ignored when running in bare mode.
2025-08-23 15:08:53.141 Thread 'MainThread': missing ScriptRunContext! This warning can be ignored when running in bare mode.
2025-08-23 15:08:53.141 Thread 'MainThread': missing ScriptRunContext! This warning can be ignored when running in bare mode.
2025-08-23 15:08:53.141 Thread 'MainThread': missing ScriptRunContext! This warning can be ignored when running in bare mode.
2025-08-23 15:08:53.141 Thread 'MainThread': missing ScriptRunContext! This warning can be ignored when running in bare mode.
2025-08-23 15:08:53.141 Thread 'MainThread': missing ScriptRunContext! This warning can be ignored when running in bare mode.
2025-08-23 15:08:53.141 Thread 'MainThread': missing ScriptRunContext! This warning can be ignored when running in bare mode.
2025-08-23 15:08:53.141 Session state does not function when running a script without `streamlit run`
2025-08-23 15:08:53.141 Thread 'MainThread': missing ScriptRunContext! This warning can be ignored when running in bare mode.
2025-08-23 15:08:53.141 Thread 'MainThread': missing ScriptRunContext! This warning can be ignored when running in bare mode.
2025-08-23 15:08:53.141 Thread 'MainThread': missing ScriptRunContext! This warning can be ignored when running in bare mode.
2025-08-23 15:08:53.142 Thread 'MainThread': missing ScriptRunContext! This warning can be ignored when running in bare mode.
2025-08-23 15:08:53.142 Thread 'MainThread': missing ScriptRunContext! This warning can be ignored when running in bare mode.
2025-08-23 15:08:53.142 Thread 'MainThread': missing ScriptRunContext! This warning can be ignored when running in bare mode.
2025-08-23 15:08:53.142 Thread 'MainThread': missing ScriptRunContext! This warning can be ignored when running in bare mode.
2025-08-23 15:08:53.142 Thread 'MainThread': missing ScriptRunContext! This warning can be ignored when running in bare mode.
2025-08-23 15:08:53.142 Thread 'MainThread': missing ScriptRunContext! This warning can be ignored when running in bare mode.
2025-08-23 15:08:53.142 Thread 'MainThread': missing ScriptRunContext! This warning can be ignored when running in bare mode.
2025-08-23 15:08:53.142 Thread 'MainThread': missing ScriptRunContext! This warning can be ignored when running in bare mode.
2025-08-23 15:08:53.142 Thread 'MainThread': missing ScriptRunContext! This warning can be ignored when running in bare mode.
2025-08-23 15:08:53.142 Thread 'MainThread': missing ScriptRunContext! This warning can be ignored when running in bare mode.
2025-08-23 15:08:53.142 Thread 'MainThread': missing ScriptRunContext! This warning can be ignored when running in bare mode.
2025-08-23 15:08:53.143 Thread 'MainThread': missing ScriptRunContext! This warning can be ignored when running in bare mode.
2025-08-23 15:08:53.143 Thread 'MainThread': missing ScriptRunContext! This warning can be ignored when running in bare mode.
2025-08-23 15:08:53.143 Thread 'MainThread': missing ScriptRunContext! This warning can be ignored when running in bare mode.
2025-08-23 15:08:53.143 Thread 'MainThread': missing ScriptRunContext! This warning can be ignored when running in bare mode.
2025-08-23 15:08:53.143 Thread 'MainThread': missing ScriptRunContext! This warning can be ignored when running in bare mode.
2025-08-23 15:08:53.143 Thread 'MainThread': missing ScriptRunContext! This warning can be ignored when running in bare mode.
2025-08-23 15:08:53.143 Thread 'MainThread': missing ScriptRunContext! This warning can be ignored when running in bare mode.
2025-08-23 15:08:53.143 Thread 'MainThread': missing ScriptRunContext! This warning can be ignored when running in bare mode.
2025-08-23 15:08:53.143 Thread 'MainThread': missing ScriptRunContext! This warning can be ignored when running in bare mode.
2025-08-23 15:08:53.143 Thread 'MainThread': missing ScriptRunContext! This warning can be ignored when running in bare mode.
2025-08-23 15:08:53.143 Thread 'MainThread': missing ScriptRunContext! This warning can be ignored when running in bare mode.
2025-08-23 15:08:53.143 Thread 'MainThread': missing ScriptRunContext! This warning can be ignored when running in bare mode.
2025-08-23 15:08:53.143 Thread 'MainThread': missing ScriptRunContext! This warning can be ignored when running in bare mode.
2025-08-23 15:08:53.143 Thread 'MainThread': missing ScriptRunContext! This warning can be ignored when running in bare mode.
2025-08-23 15:08:53.143 Thread 'MainThread': missing ScriptRunContext! This warning can be ignored when running in bare mode.
2025-08-23 15:08:53.144 Thread 'MainThread': missing ScriptRunContext! This warning can be ignored when running in bare mode.
2025-08-23 15:08:53.144 Thread 'MainThread': missing ScriptRunContext! This warning can be ignored when running in bare mode.
2025-08-23 15:08:53.144 Thread 'MainThread': missing ScriptRunContext! This warning can be ignored when running in bare mode.
2025-08-23 15:08:53.144 Thread 'MainThread': missing ScriptRunContext! This warning can be ignored when running in bare mode.
2025-08-23 15:08:53.144 Thread 'MainThread': missing ScriptRunContext! This warning can be ignored when running in bare mode.
2025-08-23 15:08:53.144 Thread 'MainThread': missing ScriptRunContext! This warning can be ignored when running in bare mode.
2025-08-23 15:08:53.144 Thread 'MainThread': missing ScriptRunContext! This warning can be ignored when running in bare mode.
2025-08-23 15:08:53.144 Thread 'MainThread': missing ScriptRunContext! This warning can be ignored when running in bare mode.
2025-08-23 15:08:53.144 Thread 'MainThread': missing ScriptRunContext! This warning can be ignored when running in bare mode.
2025-08-23 15:08:53.144 Thread 'MainThread': missing ScriptRunContext! This warning can be ignored when running in bare mode.
2025-08-23 15:08:53.144 Thread 'MainThread': missing ScriptRunContext! This warning can be ignored when running in bare mode.
2025-08-23 15:08:53.144 Thread 'MainThread': missing ScriptRunContext! This warning can be ignored when running in bare mode.
2025-08-23 15:08:53.144 Thread 'MainThread': missing ScriptRunContext! This warning can be ignored when running in bare mode.
2025-08-23 15:08:53.144 Thread 'MainThread': missing ScriptRunContext! This warning can be ignored when running in bare mode.
2025-08-23 15:08:53.144 Thread 'MainThread': missing ScriptRunContext! This warning can be ignored when running in bare mode.
2025-08-23 15:08:53.144 Thread 'MainThread': missing ScriptRunContext! This warning can be ignored when running in bare mode.

Collecting usage statistics. To deactivate, set browser.gatherUsageStats to false.


  You can now view your Streamlit app in your browser.

  Local URL: http://localhost:8501
  Network URL: http://192.168.0.2:8501
  External URL: http://34.46.237.233:8501
